2015-11-19 20:58:52,656 INFO  [MLog-Init-Reporter] c.m.v.l.MLog - MLog clients using slf4j logging.
2015-11-19 20:58:52,660 DEBUG [MLog-Init-Reporter] c.m.v.l.MLog - Reading VM config for path list /com/mchange/v2/log/default-mchange-log.properties, /mchange-commons.properties, /c3p0.properties, hocon:/reference,/application,/c3p0,/, /mchange-log.properties, /
2015-11-19 20:58:52,661 DEBUG [MLog-Init-Reporter] c.m.v.l.MLog - The configuration file for resource identifier '/mchange-commons.properties' could not be found. Skipping.
2015-11-19 20:58:52,661 DEBUG [MLog-Init-Reporter] c.m.v.l.MLog - The configuration file for resource identifier '/c3p0.properties' could not be found. Skipping.
2015-11-19 20:58:52,661 DEBUG [MLog-Init-Reporter] c.m.v.l.MLog - The configuration file for resource identifier 'hocon:/reference,/application,/c3p0,/' could not be found. Skipping.
2015-11-19 20:58:52,661 DEBUG [MLog-Init-Reporter] c.m.v.l.MLog - The configuration file for resource identifier '/mchange-log.properties' could not be found. Skipping.
2015-11-19 20:58:52,662 DEBUG [main] c.m.v.c.MConfig - The configuration file for resource identifier '/mchange-commons.properties' could not be found. Skipping.
2015-11-19 20:58:52,662 DEBUG [main] c.m.v.c.MConfig - The configuration file for resource identifier '/mchange-log.properties' could not be found. Skipping.
2015-11-19 20:58:52,662 DEBUG [main] c.m.v.c.MConfig - The configuration file for resource identifier 'hocon:/reference,/application,/c3p0,/' could not be found. Skipping.
2015-11-19 20:58:52,662 DEBUG [main] c.m.v.c.MConfig - The configuration file for resource identifier '/c3p0.properties' could not be found. Skipping.
2015-11-19 20:58:52,700 INFO  [main] c.m.v.c.C3P0Registry - Initializing c3p0-0.9.5.1 [built 16-June-2015 00:06:36 -0700; debug? true; trace: 10]
2015-11-19 20:58:52,719 DEBUG [main] c.m.v.c.m.DynamicPooledDataSourceManagerMBean - MBean: com.mchange.v2.c3p0:type=PooledDataSource,identityToken=1hgf02l9d98wlxghemzyl|23282c25,name=1hgf02l9d98wlxghemzyl|23282c25 registered.
2015-11-19 20:58:52,734 DEBUG [main] c.m.v.c.m.DynamicPooledDataSourceManagerMBean - MBean: com.mchange.v2.c3p0:type=PooledDataSource,identityToken=1hgf02l9d98wlxghemzyl|23282c25,name=1hgf02l9d98wlxghemzyl|23282c25 unregistered, in order to be reregistered after update.
2015-11-19 20:58:52,735 DEBUG [main] c.m.v.c.m.DynamicPooledDataSourceManagerMBean - MBean: com.mchange.v2.c3p0:type=PooledDataSource,identityToken=1hgf02l9d98wlxghemzyl|23282c25,name=1hgf02l9d98wlxghemzyl|23282c25 registered.
2015-11-19 20:58:52,761 INFO  [main] c.m.v.c.i.AbstractPoolBackedDataSource - Initializing c3p0 pool... com.mchange.v2.c3p0.ComboPooledDataSource [ acquireIncrement -> 3, acquireRetryAttempts -> 30, acquireRetryDelay -> 1000, autoCommitOnClose -> false, automaticTestTable -> null, breakAfterAcquireFailure -> false, checkoutTimeout -> 0, connectionCustomizerClassName -> null, connectionTesterClassName -> com.mchange.v2.c3p0.impl.DefaultConnectionTester, contextClassLoaderSource -> caller, dataSourceName -> 1hgf02l9d98wlxghemzyl|23282c25, debugUnreturnedConnectionStackTraces -> false, description -> null, driverClass -> com.mysql.jdbc.Driver, extensions -> {}, factoryClassLocation -> null, forceIgnoreUnresolvedTransactions -> false, forceSynchronousCheckins -> false, forceUseNamedDriverClass -> false, identityToken -> 1hgf02l9d98wlxghemzyl|23282c25, idleConnectionTestPeriod -> 0, initialPoolSize -> 3, jdbcUrl -> jdbc:mysql://localhost:3306/sc_wbb316_dev, maxAdministrativeTaskTime -> 0, maxConnectionAge -> 0, maxIdleTime -> 0, maxIdleTimeExcessConnections -> 0, maxPoolSize -> 15, maxStatements -> 0, maxStatementsPerConnection -> 0, minPoolSize -> 3, numHelperThreads -> 3, preferredTestQuery -> null, privilegeSpawnedThreads -> false, properties -> {user=******, password=******}, propertyCycle -> 0, statementCacheNumDeferredCloseThreads -> 0, testConnectionOnCheckin -> false, testConnectionOnCheckout -> false, unreturnedConnectionTimeout -> 0, userOverrides -> {}, usesTraditionalReflectiveProxies -> false ]
2015-11-19 20:58:52,771 DEBUG [main] c.m.v.c.MConfig - The configuration file for resource identifier '/mchange-commons.properties' could not be found. Skipping.
2015-11-19 20:58:52,771 DEBUG [main] c.m.v.c.MConfig - The configuration file for resource identifier '/mchange-log.properties' could not be found. Skipping.
2015-11-19 20:58:52,771 DEBUG [main] c.m.v.c.MConfig - The configuration file for resource identifier '/c3p0.properties' could not be found. Skipping.
2015-11-19 20:58:52,771 DEBUG [main] c.m.v.c.MConfig - The configuration file for resource identifier 'hocon:/reference,/application,/c3p0,/' could not be found. Skipping.
2015-11-19 20:58:52,772 DEBUG [main] c.m.v.r.BasicResourcePool - com.mchange.v2.resourcepool.BasicResourcePool@7adda9cc config: [start -> 3; min -> 3; max -> 15; inc -> 3; num_acq_attempts -> 30; acq_attempt_delay -> 1000; check_idle_resources_delay -> 0; max_resource_age -> 0; max_idle_time -> 0; excess_max_idle_time -> 0; destroy_unreturned_resc_time -> 0; expiration_enforcement_delay -> 0; break_on_acquisition_failure -> false; debug_store_checkout_exceptions -> false; force_synchronous_checkins -> false]
2015-11-19 20:58:52,772 DEBUG [main] c.m.v.c.i.C3P0PooledConnectionPoolManager - Created new pool for auth, username (masked): 'sc******'.
2015-11-19 20:58:52,772 DEBUG [main] c.m.v.r.BasicResourcePool - acquire test -- pool size: 0; target_pool_size: 3; desired target? 1
2015-11-19 20:58:52,772 DEBUG [main] c.m.v.r.BasicResourcePool - awaitAvailable(): [unknown]
2015-11-19 20:58:59,224 DEBUG [main] d.s.s.s.SubCentralHttpApi - Getting content of index.php
2015-11-19 20:59:05,196 DEBUG [main] d.s.s.s.SubCentralHttpApi - Got content of index.php
